<?xml version="1.0" encoding="UTF-8"?>
<!-- Generated by org.testng.reporters.JUnitXMLReporter -->
<testsuite ignored="0" hostname="DESKTOP-OP21TNE" failures="0" tests="3" name="Search for schedule to select a stop" time="39.748" errors="0" timestamp="2025-09-29T19:23:17 PDT">
  <testcase classname="Selenium_Framework.Translink_UI.SearchandSelectStopTest" name="selectBusdropdown" time="2.639"/>
  <testcase classname="Selenium_Framework.Translink_UI.SearchandSelectStopTest" name="searchforStop" time="3.826"/>
  <testcase classname="Selenium_Framework.Translink_UI.SearchandSelectStopTest" name="searchAndSelectStop" time="28.803"/>
</testsuite> <!-- Search for schedule to select a stop -->
