<?xml version="1.0" encoding="UTF-8"?>
<!-- Generated by org.testng.reporters.JUnitXMLReporter -->
<testsuite ignored="0" hostname="DESKTOP-OP21TNE" failures="0" tests="4" name="Verify the Bus times order and time intervals" time="32.791" errors="0" timestamp="2025-09-30T21:53:43 PDT">
  <testcase classname="Selenium_Framework.Translink_UI.ValidateBusTimesTest" name="selectBusdropdown" time="4.768"/>
  <testcase classname="Selenium_Framework.Translink_UI.ValidateBusTimesTest" name="searchforStop" time="7.932"/>
  <testcase classname="Selenium_Framework.Translink_UI.ValidateBusTimesTest" name="searchAndSelectStop" time="13.712"/>
  <testcase classname="Selenium_Framework.Translink_UI.ValidateBusTimesTest" name="validateTimeDiff" time="4.062"/>
</testsuite> <!-- Verify the Bus times order and time intervals -->
