<?xml version="1.0" encoding="UTF-8"?>
<!-- Generated by org.testng.reporters.JUnitXMLReporter -->
<testsuite ignored="0" hostname="DESKTOP-OP21TNE" failures="0" tests="2" name="Default test" time="17.128" errors="0" timestamp="2025-09-30T21:28:23 PDT">
  <testcase classname="Selenium_Framework.Translink_UI.SearchBusScheduleAndClickTest" name="selectBusdropdown" time="4.851"/>
  <testcase classname="Selenium_Framework.Translink_UI.SearchBusScheduleAndClickTest" name="searchforStop" time="7.655"/>
</testsuite> <!-- Default test -->
