<?xml version="1.0" encoding="UTF-8"?>
<testng-results ignored="0" total="4" passed="4" failed="0" skipped="0">
  <reporter-output>
  </reporter-output>
  <suite started-at="2025-09-30T21:54:41 PDT" name="Suite3" finished-at="2025-09-30T21:55:13 PDT" duration-ms="32562">
    <groups>
    </groups>
    <test started-at="2025-09-30T21:54:41 PDT" name="Add stop as Favourite" finished-at="2025-09-30T21:55:13 PDT" duration-ms="32562">
      <class name="Selenium_Framework.Translink_UI.AddRouteAsFavouriteTest">
        <test-method is-config="true" signature="initializeDriver()[pri:0, instance:Selenium_Framework.Translink_UI.AddRouteAsFavouriteTest@6572421]" started-at="2025-09-30T21:54:41 PDT" name="initializeDriver" finished-at="2025-09-30T21:54:43 PDT" duration-ms="2058" status="PASS">
          <reporter-output>
          </reporter-output>
        </test-method> <!-- initializeDriver -->
        <test-method signature="selectBusdropdown()[pri:0, instance:Selenium_Framework.Translink_UI.AddRouteAsFavouriteTest@6572421]" started-at="2025-09-30T21:54:43 PDT" name="selectBusdropdown" description="Verify bus schedules page is loaded successfully" finished-at="2025-09-30T21:54:46 PDT" duration-ms="3373" status="PASS">
          <reporter-output>
          </reporter-output>
        </test-method> <!-- selectBusdropdown -->
        <test-method signature="searchforStop()[pri:0, instance:Selenium_Framework.Translink_UI.AddRouteAsFavouriteTest@6572421]" started-at="2025-09-30T21:54:46 PDT" name="searchforStop" description="Verify User is able to select a route and click on it" finished-at="2025-09-30T21:54:55 PDT" depends-on-methods="Selenium_Framework.Translink_UI.AddRouteAsFavouriteTest.selectBusdropdown" duration-ms="8315" status="PASS">
          <reporter-output>
          </reporter-output>
        </test-method> <!-- searchforStop -->
        <test-method signature="searchAndSelectStop()[pri:0, instance:Selenium_Framework.Translink_UI.AddRouteAsFavouriteTest@6572421]" started-at="2025-09-30T21:54:55 PDT" name="searchAndSelectStop" description="Verify search and select a stop in a selected timeline" finished-at="2025-09-30T21:55:08 PDT" depends-on-methods="Selenium_Framework.Translink_UI.AddRouteAsFavouriteTest.searchforStop, Selenium_Framework.Translink_UI.AddRouteAsFavouriteTest.selectBusdropdown" duration-ms="12989" status="PASS">
          <reporter-output>
          </reporter-output>
        </test-method> <!-- searchAndSelectStop -->
        <test-method signature="addstopasFavourite()[pri:0, instance:Selenium_Framework.Translink_UI.AddRouteAsFavouriteTest@6572421]" started-at="2025-09-30T21:55:08 PDT" name="addstopasFavourite" description="Verify Add the stop to Favourites list" finished-at="2025-09-30T21:55:13 PDT" depends-on-methods="Selenium_Framework.Translink_UI.AddRouteAsFavouriteTest.searchforStop, Selenium_Framework.Translink_UI.AddRouteAsFavouriteTest.searchAndSelectStop, Selenium_Framework.Translink_UI.AddRouteAsFavouriteTest.selectBusdropdown" duration-ms="5634" status="PASS">
          <reporter-output>
          </reporter-output>
        </test-method> <!-- addstopasFavourite -->
        <test-method is-config="true" signature="teardown()[pri:0, instance:Selenium_Framework.Translink_UI.AddRouteAsFavouriteTest@6572421]" started-at="2025-09-30T21:55:13 PDT" name="teardown" finished-at="2025-09-30T21:55:13 PDT" duration-ms="130" status="PASS">
          <reporter-output>
          </reporter-output>
        </test-method> <!-- teardown -->
      </class> <!-- Selenium_Framework.Translink_UI.AddRouteAsFavouriteTest -->
    </test> <!-- Add stop as Favourite -->
  </suite> <!-- Suite3 -->
</testng-results>
