<?xml version="1.0" encoding="UTF-8"?>
<!-- Generated by org.testng.reporters.JUnitXMLReporter -->
<testsuite ignored="0" hostname="DESKTOP-OP21TNE" failures="0" tests="4" name="Add stop as Favourite" time="32.562" errors="0" timestamp="2025-09-30T21:55:13 PDT">
  <testcase classname="Selenium_Framework.Translink_UI.AddRouteAsFavouriteTest" name="selectBusdropdown" time="3.373"/>
  <testcase classname="Selenium_Framework.Translink_UI.AddRouteAsFavouriteTest" name="searchforStop" time="8.315"/>
  <testcase classname="Selenium_Framework.Translink_UI.AddRouteAsFavouriteTest" name="searchAndSelectStop" time="12.989"/>
  <testcase classname="Selenium_Framework.Translink_UI.AddRouteAsFavouriteTest" name="addstopasFavourite" time="5.634"/>
</testsuite> <!-- Add stop as Favourite -->
